C51 COMPILER V7.50   MAIN                                                                  03/25/2014 21:12:12 PAGE 1   


C51 COMPILER V7.50, COMPILATION OF MODULE MAIN
OBJECT MODULE PLACED IN .\output\main.obj
COMPILER INVOKED BY: C:\Keil\C51\BIN\C51.EXE source\main.c LARGE BROWSE INCDIR(.\include\) DEBUG OBJECTEXTEND PRINT(.\li
                    -sting\main.lst) OBJECT(.\output\main.obj)

line level    source

   1          /***************************************************************************/
   2          // 程序：清洗设备控制器
   3          // 模块：主函数 
   4          // 文件：main.c
   5          // 作者：卜晓D
   6          // 版本：V0.02
   7          // 日期：2013年11月8日
   8          // 功能：主函数
   9          // 芯片：STC12C5A60S2
  10          // 编译：Keil uVision3 V3.90
  11          /***************************************************************************/
  12          
  13          #include <reg52.h>
  14          //#include <STC12C5A60S2.H>
  15          #include <basefunc.h>
  16          #include <ra8806.h>
  17          #include <parameter.h>
  18          #include <timer.h>
  19          
  20          /***************************************************************************/
  21          // 参数定义     
  22          /***************************************************************************/
  23          //sbit OUT_PUT = P3^7; //用于测试输出
  24          uchar currentTP=0; //用于触摸屏消抖动 
  25          
  26          /***************************************************************************/
  27          // 显示刷新函数
  28          // 参数：无
  29          // 返回值：无   
  30          /***************************************************************************/
  31          void switchDisplay()
  32          {
  33   1              switch(displayMode)
  34   1              {
  35   2                      case MainDisplayMode:
  36   2                              MainDisplay(0);
  37   2                      break;
  38   2                      case Setting:
  39   2                              SettingDisplay(0);
  40   2                      break;
  41   2                      case SettingSaved:
  42   2                              SettingDisplay(1);
  43   2                      break;
  44   2                      case PowerOffing:
  45   2                              MainDisplay(1);
  46   2                      break;
  47   2                      case PowerOffed:
  48   2                              MainDisplay(2);
  49   2                      break;
  50   2                      default:
  51   2                      break;
  52   2              }       
  53   1      }
  54          
C51 COMPILER V7.50   MAIN                                                                  03/25/2014 21:12:12 PAGE 2   

  55          /***************************************************************************/
  56          // 设置页面初始化函数
  57          // 参数：无
  58          // 返回值：无   
  59          /***************************************************************************/
  60          void initSettingPage()
  61          {
  62   1              uchar i;
  63   1              for(i=0; i<8; i++)
  64   1              {
  65   2                      cistern[i].perSettingTime = cistern[i].settingTime;
  66   2                      cistern[i].isCurrentlSetting = 0;
  67   2              }
  68   1              cistern[1].isCurrentlSetting = 1;
  69   1      }
  70          
  71          /***************************************************************************/
  72          // 设置页面槽选中函数
  73          // 参数：选中当前槽数
  74          // 返回值：无   
  75          /***************************************************************************/
  76          void touchPadSetChooseCistern(uchar cisternNum)
  77          {
  78   1              uchar i;
  79   1              for(i=0; i<8; i++)
  80   1              {
  81   2                      cistern[i].isCurrentlSetting = 0;
  82   2              }
  83   1              cistern[cisternNum].isCurrentlSetting = 1;
  84   1      }
  85          
  86          /***************************************************************************/
  87          // 设置加减时间函数
  88          // 参数：0加一分钟  1减一分钟
  89          // 返回值：无   
  90          /***************************************************************************/
  91          void settingOperationTime(uchar opeartion)
  92          {
  93   1              uchar i, cisternNum;
  94   1              for(i=0; i<8; i++)
  95   1              {
  96   2                      if(cistern[i].isCurrentlSetting == 1)
  97   2                      {
  98   3                              cisternNum = i;
  99   3                      }
 100   2              }
 101   1              if(opeartion) //减一分钟
 102   1              {
 103   2                      
 104   2                      cistern[cisternNum].perSettingTime = (cistern[cisternNum].perSettingTime/60 -1)*60;
 105   2                      if(cistern[cisternNum].perSettingTime > 1800 || cistern[cisternNum].perSettingTime <= 0)
 106   2                      {
 107   3                              cistern[cisternNum].perSettingTime = 1800;
 108   3                      }               
 109   2              }
 110   1              else
 111   1              {
 112   2                      cistern[cisternNum].perSettingTime = (cistern[cisternNum].perSettingTime/60 +1)*60;
 113   2                      if(cistern[cisternNum].perSettingTime > 1800)
 114   2                      {
 115   3                              cistern[cisternNum].perSettingTime = 60;
 116   3                      }
C51 COMPILER V7.50   MAIN                                                                  03/25/2014 21:12:12 PAGE 3   

 117   2              }
 118   1      }
 119          
 120          /***************************************************************************/
 121          // 触摸屏响应函数
 122          // 参数：无
 123          // 返回值：无   
 124          /***************************************************************************/
 125          void checkTouchPad(uchar tpValue)
 126          {
 127   1              switch(tpValue)
 128   1              {
 129   2                      case 0:
 130   2                              currentTP = 0;
 131   2                      break;
 132   2                      case 1:  //设置界面
 133   2                              if(currentTP == 2) 
 134   2                              {
 135   3                                      TP_Response(tpValue);
 136   3                                      delay_ms(100);
 137   3                                      displayMode = Setting;
 138   3                                      initSettingPage(); //初始化设置界面
 139   3                                      SettingDisplay(0);
 140   3                              }
 141   2                      break;
 142   2                      case 2:  //手自动
 143   2                              if(currentTP == 2) 
 144   2                              {
 145   3                                      TP_Response(tpValue);
 146   3                                      delay_ms(100);
 147   3                                      if(runMode == ManualMode)
 148   3                                              runMode = AutoMode;
 149   3                                      else
 150   3                                              runMode = ManualMode;
 151   3                                      MainDisplay(0);
 152   3                              }
 153   2                      break;
 154   2                      case 3:  //下班按键
 155   2                              if(currentTP == 2) 
 156   2                              {
 157   3                                      TP_Response(tpValue);
 158   3                                      delay_ms(100);
 159   3                                      displayMode = PowerOffing;
 160   3                                      MainDisplay(1);
 161   3                              }
 162   2                      break;
 163   2                      case 4:  //取消下班
 164   2                              if(currentTP == 2) 
 165   2                              {
 166   3                                      TP_Response(tpValue);
 167   3                                      delay_ms(100);
 168   3                                      displayMode = MainDisplayMode;
 169   3                                      MainDisplay(0);
 170   3                              }
 171   2                      break;
 172   2                      case 5:  //一号槽选中 
 173   2                              if(currentTP == 2) 
 174   2                              {
 175   3                                      TP_Response(tpValue);
 176   3                                      delay_ms(100);
 177   3                                      touchPadSetChooseCistern(1);
 178   3                                      SettingDisplay(0);
C51 COMPILER V7.50   MAIN                                                                  03/25/2014 21:12:12 PAGE 4   

 179   3                              }
 180   2                      break;
 181   2                      case 6:  //二号槽选中 
 182   2                              if(currentTP == 2) 
 183   2                              {
 184   3                                      TP_Response(tpValue);
 185   3                                      delay_ms(100);
 186   3                                      touchPadSetChooseCistern(2);
 187   3                                      SettingDisplay(0);
 188   3                              }
 189   2                      break;
 190   2                      case 7:  //三号槽选中 
 191   2                              if(currentTP == 2) 
 192   2                              {
 193   3                                      TP_Response(tpValue);
 194   3                                      delay_ms(100);
 195   3                                      touchPadSetChooseCistern(3);
 196   3                                      SettingDisplay(0);
 197   3                              }
 198   2                      break;
 199   2                      case 8:  //四号槽选中 
 200   2                              if(currentTP == 2) 
 201   2                              {
 202   3                                      TP_Response(tpValue);
 203   3                                      delay_ms(100);
 204   3                                      touchPadSetChooseCistern(4);
 205   3                                      SettingDisplay(0);
 206   3                              }
 207   2                      break;
 208   2                      case 9:  //五号槽选中 
 209   2                              if(currentTP == 2) 
 210   2                              {
 211   3                                      TP_Response(tpValue);
 212   3                                      delay_ms(100);
 213   3                                      touchPadSetChooseCistern(5);
 214   3                                      SettingDisplay(0);
 215   3                              }
 216   2                      break;
 217   2                      case 10:         //六号槽选中 
 218   2                              if(currentTP == 2) 
 219   2                              {
 220   3                                      TP_Response(tpValue);
 221   3                                      delay_ms(100);
 222   3                                      touchPadSetChooseCistern(6);
 223   3                                      SettingDisplay(0);
 224   3                              }
 225   2                      break;
 226   2                      case 11:         //加一分钟
 227   2                              if(currentTP == 2) 
 228   2                              {
 229   3                                      TP_Response(tpValue);
 230   3                                      delay_ms(70);
 231   3                                      settingOperationTime(0);
 232   3                                      SettingDisplay(0);
 233   3                              }
 234   2                      break;
 235   2                      case 12:         //减一分钟
 236   2                              if(currentTP == 2) 
 237   2                              {
 238   3                                      TP_Response(tpValue);
 239   3                                      delay_ms(70);
 240   3                                      settingOperationTime(1);
C51 COMPILER V7.50   MAIN                                                                  03/25/2014 21:12:12 PAGE 5   

 241   3                                      SettingDisplay(0);
 242   3                              }
 243   2                      break;
 244   2                      case 13:         //保存
 245   2                              if(currentTP == 2) 
 246   2                              {
 247   3                                      TP_Response(tpValue);
 248   3                                      delay_ms(100);
 249   3                                      //Save setting to eeprom
 250   3                                      SettingDisplay(3);
 251   3                                      if(parameter_save())
 252   3                                              SettingDisplay(1);
 253   3                                      else
 254   3                                              SettingDisplay(2);
 255   3                                      delay_ms(1000);
 256   3                                      //SettingDisplay(0);
 257   3                                      displayMode = MainDisplayMode;
 258   3                                      MainDisplay(0);
 259   3                              }
 260   2                      break;
 261   2                      case 14:         //返回
 262   2                              if(currentTP == 2) 
 263   2                              {
 264   3                                      TP_Response(tpValue);
 265   3                                      delay_ms(100);
 266   3                                      displayMode = MainDisplayMode;
 267   3                                      MainDisplay(0);
 268   3                              }
 269   2                      break;
 270   2                      case 15:         //返回
 271   2                              if(currentTP == 2) 
 272   2                              {
 273   3                                      TP_Response(tpValue);
 274   3                                      delay_ms(100);
 275   3                                      displayMode = MainDisplayMode;
 276   3                                      MainDisplay(0);
 277   3                              }
 278   2                      break;
 279   2                      default:
 280   2                              currentTP = 0;
 281   2                      break;
 282   2              }
 283   1              //触摸屏按键消抖
 284   1              if(tpValue > 0 && tpValue < 16)
 285   1              {
 286   2                      currentTP++;    
 287   2                      delay_ms(10);
 288   2              }
 289   1              else
 290   1              {
 291   2                      currentTP = 0;
 292   2              }
 293   1      }
 294          
 295          /***************************************************************************/
 296          // 主函数
 297          // 参数：无
 298          // 返回值：无   
 299          /***************************************************************************/
 300          void main()
 301          {
 302   1              lcd_inital();
C51 COMPILER V7.50   MAIN                                                                  03/25/2014 21:12:12 PAGE 6   

 303   1              PowerOnDisplay();
 304   1              delay_ms(2000);
 305   1              parameter_init();
 306   1              timer_init();
 307   1              Enable_TP();
 308   1              Enable_Maunal_TP();
 309   1              MainDisplay(0);
 310   1              while(1)
 311   1              {
 312   2                      
 313   2      //              OUT_PUT = ~OUT_PUT;
 314   2                      checkTouchPad(tp_ManualMode());
 315   2                      //delay_ms(40);
 316   2                      if(displayFlag == 1) //整屏刷新
 317   2                      {
 318   3                              switchDisplay();
 319   3                              displayFlag = 0;
 320   3                      }
 321   2                      else if(displayFlag == 2) //刷新机械臂动作
 322   2                      {
 323   3                              if(displayMode != Setting && displayMode != SettingSaved)
 324   3                              {
 325   4                                      ManipulatorStatusDisplay();
 326   4                                      displayFlag = 0;
 327   4                                      delay_ms(10);
 328   4                              }                       
 329   3                      }
 330   2              }   
 331   1      }
 332          
 333          
 334          
 335          
 336          
 337          
 338          
 339          


MODULE INFORMATION:   STATIC OVERLAYABLE
   CODE SIZE        =   1173    ----
   CONSTANT SIZE    =   ----    ----
   XDATA SIZE       =      1       1
   PDATA SIZE       =   ----    ----
   DATA SIZE        =   ----    ----
   IDATA SIZE       =   ----    ----
   BIT SIZE         =   ----    ----
END OF MODULE INFORMATION.


C51 COMPILATION COMPLETE.  0 WARNING(S),  0 ERROR(S)
