C51 COMPILER V7.50   OPERATION                                                             04/14/2014 21:43:37 PAGE 1   


C51 COMPILER V7.50, COMPILATION OF MODULE OPERATION
OBJECT MODULE PLACED IN .\output\operation.obj
COMPILER INVOKED BY: C:\Keil\C51\BIN\C51.EXE source\operation.c LARGE BROWSE INCDIR(.\include\) DEBUG OBJECTEXTEND PRINT
                    -(.\listing\operation.lst) OBJECT(.\output\operation.obj)

line level    source

   1          #include <reg52.h>
   2          #include <position.h>
   3          #include <parameter.h>
   4          #include <basefunc.h>
   5          #include <operation.h>
   6          #include <intrins.h>
   7          
   8          sbit MotorLeft = P2^0; //机械臂向进口移动电机
   9          sbit MotorRight = P2^1; //机械臂向出口移动电机
  10          sbit ManiUp =  P1^0; //机械臂向上移动电机
  11          sbit ManiDown =  P1^1; //机械臂向下移动电机
  12          sbit MotorSpeedUp =  P1^2; //辅助输出（电机加速）
  13          sbit MotorSlowDown = P1^3; //辅助输出（电机减速）
  14          
  15          sbit sensorInput = P3^0; //进口位置感应
  16          sbit sensorManiTop = P3^1; //机械臂在顶端位置感应
  17          sbit sensorManiBut = P3^2; //机械臂在低端位置感应
  18          sbit sensorOutput = P3^3; //出位置感应
  19          
  20          
  21          void A_Up_Down(uchar upCisternNumber, uchar downCisternNumber); //机械臂提起upCisternNumber槽里面框放到dow
             -nCisternNumber槽
  22          uchar A_Up_Down_Steps = 100;                    //0：机械臂初始状态
  23                                                                                          //1：机械臂提起upCisternNumber槽中的框
  24                                                                                          //2：机械臂放框到downCisternNumber槽中
  25                                                                                          //100：机械臂空操作
  26          
  27          unsigned int timeBetweenOpeartionDry = timeBetweenOpeartion;            //机械臂调起后悬挂晾干时间
  28          
  29          
  30          void A_Move_Entrance(void);             //机械臂A移动到进口槽位置
  31          uchar A_Move_Entrance_Steps = 100;              //0：机械臂初始状态
  32                                                                                          //1：机械臂A定位前等待
  33                                                                                          //2：机械臂A定位
  34                                                                                          //3：机械臂定位后等待
  35                                                                                          //100：机械臂空操作     
  36                                                                                          
  37          void ManualMode_Operation(void);  //手动模式                                                                                                                                                            
  38                                                                                          
  39          uint ManiOperationTimer = 0; //机械臂操作定时器
  40          
  41          
  42          void A_Up_Down(uchar upCisternNumber, uchar downCisternNumber)
  43          {
  44   1              switch(A_Up_Down_Steps)
  45   1              {
  46   2                      case 0:         //0：机械臂初始状态
  47   2                              ManiOperationTimer = 0;
  48   2                              A_Up_Down_Steps ++;
  49   2                      break;
  50   2                      case 1:         //1：机械臂A定位前等待
  51   2                              TargetCisternNumber =  upCisternNumber; //设置本次机械臂运行的目标槽位
  52   2                              if(ManiOperationTimer > timeBetweenOpeartion) //定时时间到
  53   2                              {
C51 COMPILER V7.50   OPERATION                                                             04/14/2014 21:43:37 PAGE 2   

  54   3                                      if(manipulator.currentPosition > upCisternNumber) //当前机械臂在cisternNumber号槽右边
  55   3                                      {
  56   4                                              MotorLeft = 0; //行车向左
  57   4                                              MotorRight = 1;
  58   4                                              if(MotorSpeedFlag == 1) //电机加速
  59   4                                              {
  60   5                                                      MotorSpeedUp = 0;
  61   5                                                      MotorSlowDown = 1;
  62   5                                              }
  63   4                                              else if(MotorSpeedFlag == 2) //电机减速
  64   4                                              {
  65   5                                                      MotorSpeedUp = 1;
  66   5                                                      MotorSlowDown = 0;
  67   5                                              }
  68   4                                              else //正常速度
  69   4                                              {
  70   5                                                      MotorSpeedUp = 1;
  71   5                                                      MotorSlowDown = 1;
  72   5                                              }
  73   4      
  74   4                                              drivingDirect = DGoEntrance;
  75   4                                              manipulator.manipulaterStatus = GoEntrance;
  76   4                                              if(displayFlag == 0)
  77   4                                              {
  78   5                                                      displayFlag = 2;
  79   5                                              }
  80   4                                      }
  81   3                                      else if(manipulator.currentPosition < upCisternNumber)
  82   3                                      {
  83   4                                              MotorLeft = 1;
  84   4                                              MotorRight = 0; //行车向右
  85   4                                              if(MotorSpeedFlag == 1) //电机加速
  86   4                                              {
  87   5                                                      MotorSpeedUp = 0;
  88   5                                                      MotorSlowDown = 1;
  89   5                                              }
  90   4                                              else if(MotorSpeedFlag == 2) //电机减速
  91   4                                              {
  92   5                                                      MotorSpeedUp = 1;
  93   5                                                      MotorSlowDown = 0;
  94   5                                              }
  95   4                                              else //正常速度
  96   4                                              {
  97   5                                                      MotorSpeedUp = 1;
  98   5                                                      MotorSlowDown = 1;
  99   5                                              }
 100   4                                              drivingDirect = GoOutfall;
 101   4                                              manipulator.manipulaterStatus = DGoOutfall;
 102   4                                              if(displayFlag == 0)
 103   4                                              {
 104   5                                                      displayFlag = 2;
 105   5                                              }
 106   4                                      }
 107   3                                      else
 108   3                                      {
 109   4                                              MotorLeft = 1;
 110   4                                              MotorRight = 1;
 111   4                                              MotorSpeedUp = 1;
 112   4                                              MotorSlowDown = 1;
 113   4                                              A_Up_Down_Steps++;      
 114   4                                      }       
 115   3                              }
C51 COMPILER V7.50   OPERATION                                                             04/14/2014 21:43:37 PAGE 3   

 116   2                      break;
 117   2                      case 2:         //2：机械臂A定位
 118   2                              if(manipulator.currentPosition == upCisternNumber)
 119   2                              {
 120   3                                      MotorLeft = 1;
 121   3                                      MotorRight = 1;
 122   3                                      MotorSpeedUp = 1;
 123   3                                      MotorSlowDown = 1;
 124   3                                      ManiOperationTimer = 0;
 125   3                                      manipulator.manipulaterStatus = Stop;
 126   3                                      if(displayFlag == 0)
 127   3                                      {
 128   4                                              displayFlag = 2;
 129   4                                      }
 130   3                                      A_Up_Down_Steps ++;
 131   3                              }
 132   2                              else
 133   2                              {
 134   3                                      A_Up_Down_Steps ++;
 135   3                              }
 136   2                      break;
 137   2                      case 3:         //1：机械臂A定位前等待（过冲保护）
 138   2                              if(ManiOperationTimer > timeBetweenOpeartion) //定时时间到
 139   2                              {
 140   3                                      if(manipulator.currentPosition > upCisternNumber) //当前机械臂在cisternNumber号槽右边
 141   3                                      {
 142   4                                              MotorLeft = 0;  //行车向左 
 143   4                                              MotorRight = 1;
 144   4                                              MotorSpeedUp = 1;
 145   4                                              MotorSlowDown = 0; //电机减速
 146   4                                              drivingDirect = DGoEntrance;
 147   4                                              manipulator.manipulaterStatus = GoEntrance;
 148   4                                              if(displayFlag == 0)
 149   4                                              {
 150   5                                                      displayFlag = 2;
 151   5                                              }
 152   4                                              A_Up_Down_Steps = 2;
 153   4                                      }
 154   3                                      else if(manipulator.currentPosition < upCisternNumber)
 155   3                                      {
 156   4                                              MotorLeft = 1;
 157   4                                              MotorRight = 0; //行车向右
 158   4                                              MotorSpeedUp = 1;
 159   4                                              MotorSlowDown = 0; //电机减速
 160   4                                              drivingDirect = GoOutfall;
 161   4                                              manipulator.manipulaterStatus = DGoOutfall;
 162   4                                              if(displayFlag == 0)
 163   4                                              {
 164   5                                                      displayFlag = 2;
 165   5                                              }
 166   4                                              A_Up_Down_Steps = 2;
 167   4                                      }
 168   3                                      else
 169   3                                      {
 170   4                                              MotorLeft = 1;
 171   4                                              MotorRight = 1;
 172   4                                              MotorSpeedUp = 1;
 173   4                                              MotorSlowDown = 1;
 174   4                                              if(displayFlag == 0)
 175   4                                              {
 176   5                                                      displayFlag = 2;
 177   5                                              }
C51 COMPILER V7.50   OPERATION                                                             04/14/2014 21:43:37 PAGE 4   

 178   4                                              A_Up_Down_Steps ++;     
 179   4                                      }       
 180   3                              }
 181   2                      break;
 182   2                      case 4:
 183   2                              ManiUp = 0;
 184   2                              manipulator.manipulaterStatus = GoUp;
 185   2                              if(displayFlag == 0)
 186   2                              {
 187   3                                      displayFlag = 2;
 188   3                              }
 189   2                              A_Up_Down_Steps++;
 190   2                      break;
 191   2                      case 5:         //4：机械臂A向上 
 192   2                              if(sensorManiTop == 0) //机械臂A顶端感应器感应到
 193   2                              {
 194   3                                      ManiUp = 1;
 195   3                                      manipulator.manipulatorPosition = Top;
 196   3                                      manipulator.manipulaterStatus = Stop;   
 197   3                                      cistern[upCisternNumber/2].cisternStatus = Empty;//标记当前槽为满
 198   3                                      cistern[upCisternNumber/2].currentTime = 0;//清除当前槽计时时间
 199   3                                      displayFlag = 1;
 200   3                                      A_Up_Down_Steps ++;
 201   3                              }
 202   2                      break;
 203   2                      case 6:         //0：机械臂初始状态
 204   2                              ManiOperationTimer = 0;
 205   2                              A_Up_Down_Steps ++;
 206   2                      break;
 207   2                      case 7:         //1：机械臂A定位前等待
 208   2                              TargetCisternNumber =  downCisternNumber;       //设置本次机械臂运行的目标槽位
 209   2                              if(ManiOperationTimer > timeBetweenOpeartionDry) //定时时间到
 210   2                              {
 211   3                                      if(manipulator.currentPosition > downCisternNumber) //当前机械臂在cisternNumber号槽右边
 212   3                                      {
 213   4                                              MotorLeft = 0; //行车向左
 214   4                                              MotorRight = 1;
 215   4                                              if(MotorSpeedFlag == 1) //电机加速
 216   4                                              {
 217   5                                                      MotorSpeedUp = 0;
 218   5                                                      MotorSlowDown = 1;
 219   5                                              }
 220   4                                              else if(MotorSpeedFlag == 2) //电机减速
 221   4                                              {
 222   5                                                      MotorSpeedUp = 1;
 223   5                                                      MotorSlowDown = 0;
 224   5                                              }
 225   4                                              else //正常速度
 226   4                                              {
 227   5                                                      MotorSpeedUp = 1;
 228   5                                                      MotorSlowDown = 1;
 229   5                                              }
 230   4                                              drivingDirect = DGoEntrance;
 231   4                                              manipulator.manipulaterStatus = GoEntrance;
 232   4                                              if(displayFlag == 0)
 233   4                                              {
 234   5                                                      displayFlag = 2;
 235   5                                              }
 236   4                                      }
 237   3                                      else if(manipulator.currentPosition < downCisternNumber)
 238   3                                      {
 239   4                                              MotorLeft = 1;
C51 COMPILER V7.50   OPERATION                                                             04/14/2014 21:43:37 PAGE 5   

 240   4                                              MotorRight = 0; //行车向右
 241   4                                              if(MotorSpeedFlag == 1) //电机加速
 242   4                                              {
 243   5                                                      MotorSpeedUp = 0;
 244   5                                                      MotorSlowDown = 1;
 245   5                                              }
 246   4                                              else if(MotorSpeedFlag == 2) //电机减速
 247   4                                              {
 248   5                                                      MotorSpeedUp = 1;
 249   5                                                      MotorSlowDown = 0;
 250   5                                              }
 251   4                                              else //正常速度
 252   4                                              {
 253   5                                                      MotorSpeedUp = 1;
 254   5                                                      MotorSlowDown = 1;
 255   5                                              }
 256   4                                              drivingDirect = GoOutfall;
 257   4                                              manipulator.manipulaterStatus = DGoOutfall;
 258   4                                              if(displayFlag == 0)
 259   4                                              {
 260   5                                                      displayFlag = 2;
 261   5                                              }
 262   4                                      }
 263   3                                      else
 264   3                                      {
 265   4                                              MotorLeft = 1;
 266   4                                              MotorRight = 1;
 267   4                                              MotorSpeedUp = 1;
 268   4                                              MotorSlowDown = 1;
 269   4                                              A_Up_Down_Steps++;      
 270   4                                      }       
 271   3                              }
 272   2                      break;
 273   2                      case 8:         //2：机械臂A定位
 274   2                              if(manipulator.currentPosition == downCisternNumber)
 275   2                              {
 276   3                                      MotorLeft = 1;
 277   3                                      MotorRight = 1;
 278   3                                      MotorSpeedUp = 1;
 279   3                                      MotorSlowDown = 1;
 280   3                                      ManiOperationTimer = 0;
 281   3                                      manipulator.manipulaterStatus = Stop;
 282   3                                      if(displayFlag == 0)
 283   3                                      {
 284   4                                              displayFlag = 2;
 285   4                                      }
 286   3                                      A_Up_Down_Steps ++;
 287   3                              }
 288   2                              else
 289   2                              {
 290   3                                      A_Up_Down_Steps ++;
 291   3                              }
 292   2                      break;
 293   2                      case 9:         //1：机械臂A定位前等待（过冲保护）
 294   2                              if(ManiOperationTimer > timeBetweenOpeartion) //定时时间到
 295   2                              {
 296   3                                      if(manipulator.currentPosition > downCisternNumber) //当前机械臂在cisternNumber号槽右边
 297   3                                      {
 298   4                                              MotorLeft = 0; //行车向左 
 299   4                                              MotorRight = 1;
 300   4                                              MotorSpeedUp = 1;
 301   4                                              MotorSlowDown = 0; //电机减速
C51 COMPILER V7.50   OPERATION                                                             04/14/2014 21:43:37 PAGE 6   

 302   4                                              drivingDirect = DGoEntrance;
 303   4                                              manipulator.manipulaterStatus = GoEntrance;
 304   4                                              if(displayFlag == 0)
 305   4                                              {
 306   5                                                      displayFlag = 2;
 307   5                                              }
 308   4                                              A_Up_Down_Steps = 8;
 309   4                                      }
 310   3                                      else if(manipulator.currentPosition < downCisternNumber)
 311   3                                      {
 312   4                                              MotorLeft = 1;
 313   4                                              MotorRight = 0;  //行车向右
 314   4                                              MotorSpeedUp = 1;
 315   4                                              MotorSlowDown = 0; //电机减速
 316   4                                              drivingDirect = GoOutfall;
 317   4                                              manipulator.manipulaterStatus = DGoOutfall;
 318   4                                              if(displayFlag == 0)
 319   4                                              {
 320   5                                                      displayFlag = 2;
 321   5                                              }
 322   4                                              A_Up_Down_Steps = 8;
 323   4                                      }
 324   3                                      else
 325   3                                      {
 326   4                                              MotorLeft = 1;
 327   4                                              MotorRight = 1;
 328   4                                              MotorSpeedUp = 1;
 329   4                                              MotorSlowDown = 1;
 330   4                                              if(displayFlag == 0)
 331   4                                              {
 332   5                                                      displayFlag = 2;
 333   5                                              }
 334   4                                              A_Up_Down_Steps ++;     
 335   4                                      }       
 336   3                              }
 337   2                      break;
 338   2                      case 10:
 339   2                              ManiDown = 0;
 340   2                              manipulator.manipulaterStatus = GoDown;
 341   2                              if(displayFlag == 0)
 342   2                              {
 343   3                                      displayFlag = 2;
 344   3                              }
 345   2                              A_Up_Down_Steps++;
 346   2                      break;
 347   2                      case 11:                //4：机械臂A向下 
 348   2                              if(sensorManiBut == 0) //机械臂A底端感应器感应到
 349   2                              {
 350   3                                      ManiDown = 1;
 351   3                                      manipulator.manipulatorPosition = Bottom;
 352   3                                      manipulator.manipulaterStatus = Stop;   
 353   3                                      cistern[downCisternNumber/2].cisternStatus = InCounting;//标记当前槽为满
 354   3                                      cistern[downCisternNumber/2].currentTime = 0;//清除当前槽计时时间
 355   3                                      displayFlag = 1;
 356   3                                      A_Up_Down_Steps = 100;
 357   3                              }
 358   2                      break;
 359   2                      default:
 360   2                                _nop_();
 361   2              }       
 362   1      }
 363          
C51 COMPILER V7.50   OPERATION                                                             04/14/2014 21:43:37 PAGE 7   

 364          void A_Move_Entrance(void)
 365          {
 366   1              switch(A_Move_Entrance_Steps)
 367   1              {
 368   2                      case 0:         //0：机械臂初始状态
 369   2                              ManiOperationTimer = 0;
 370   2                              A_Move_Entrance_Steps ++;
 371   2                      break;
 372   2                      case 1:         //1：机械臂A定位前等待
 373   2                              if(ManiOperationTimer > timeBetweenOpeartion) //定时时间到
 374   2                              {
 375   3                                      MotorLeft = 0; //行车向左
 376   3                                      drivingDirect = DGoEntrance;
 377   3                                      manipulator.manipulaterStatus = GoEntrance;
 378   3                                      if(displayFlag == 0)
 379   3                                      {
 380   4                                              displayFlag = 2;
 381   4                                      }
 382   3                                      A_Move_Entrance_Steps++;
 383   3                              }
 384   2                      break;
 385   2                      case 2:         //2：机械臂A定位
 386   2                              if(sensorInput == 0)
 387   2                              {
 388   3                                      ManiOperationTimer = 0;
 389   3                                      MotorLeft = 1;
 390   3                                      MotorRight = 1;
 391   3                                      drivingDirect = DStop;
 392   3                                      manipulator.manipulaterStatus = Stop;
 393   3                                      if(displayFlag == 0)
 394   3                                      {
 395   4                                              displayFlag = 2;
 396   4                                      }
 397   3                                      manipulator.currentPosition = 0;
 398   3                                      A_Move_Entrance_Steps ++;
 399   3                              }
 400   2                      break;
 401   2                      case 3:         //2：机械臂A定位
 402   2                              if(ManiOperationTimer > timeBetweenOpeartion) //定时时间到
 403   2                              {
 404   3                                      ManiOperationTimer = 0;
 405   3                                      manipulator.currentPosition = 0;
 406   3                                      A_Move_Entrance_Steps = 100;
 407   3                              }
 408   2                      break;
 409   2                      default:
 410   2                                _nop_();
 411   2              }
 412   1      }
 413          
 414          void ManualMode_Operation(void)
 415          {
 416   1              MotorLeft = 1;
 417   1              MotorRight = 1;
 418   1              ManiUp =  1;
 419   1              ManiDown =  1;
 420   1              MotorSpeedUp =  1;      
 421   1      }


MODULE INFORMATION:   STATIC OVERLAYABLE
   CODE SIZE        =   1024    ----
C51 COMPILER V7.50   OPERATION                                                             04/14/2014 21:43:37 PAGE 8   

   CONSTANT SIZE    =   ----    ----
   XDATA SIZE       =      6    ----
   PDATA SIZE       =   ----    ----
   DATA SIZE        =   ----    ----
   IDATA SIZE       =   ----    ----
   BIT SIZE         =   ----    ----
END OF MODULE INFORMATION.


C51 COMPILATION COMPLETE.  0 WARNING(S),  0 ERROR(S)
