C51 COMPILER V7.50   TIMER                                                                 04/07/2014 10:04:58 PAGE 1   


C51 COMPILER V7.50, COMPILATION OF MODULE TIMER
OBJECT MODULE PLACED IN .\output\timer.obj
COMPILER INVOKED BY: C:\Keil\C51\BIN\C51.EXE source\timer.c LARGE BROWSE INCDIR(.\include\) DEBUG OBJECTEXTEND PRINT(.\l
                    -isting\timer.lst) OBJECT(.\output\timer.obj)

line level    source

   1          /*------------------------------------------------------------------*/
   2          /* --- STC MCU Limited ---------------------------------------------*/
   3          /* --- STC12C5Axx Series 16-bit Timer Demo -------------------------*/
   4          /* --- Mobile: (86)13922805190 -------------------------------------*/
   5          /* --- Fax: 86-755-82905966 ----------------------------------------*/
   6          /* --- Tel: 86-755-82948412 ----------------------------------------*/
   7          /* --- Web: www.STCMCU.com -----------------------------------------*/
   8          /* If you want to use the program or the program referenced in the  */
   9          /* article, please specify in which data and procedures from STC    */
  10          /*------------------------------------------------------------------*/
  11          
  12          #include <reg52.h>
  13          #include <timer.h>
  14          #include <parameter.h>
  15          #include <position.h>
  16          #include <operation.h>
  17          #include <dispatch.h>
  18          #include <key.h>
  19          
  20          typedef unsigned char BYTE;
  21          typedef unsigned int WORD;
  22          
  23          //-----------------------------------------------
  24          
  25          #define T1MS 53536      //1ms timer calculation method in 1T mode
  26          #define T10MS 5536      //1ms timer calculation method in 1T mode
  27          
  28          /* define SFR */
  29          sfr AUXR = 0x8e;                    //Auxiliary register
  30          
  31          //sbit TEST_LED = P2^0;               //work LED, flash once per second
  32          //sbit TEST_LED1 = P2^1;               //work LED, flash once per second
  33          /* define variables */
  34          //-----------------------------------------------
  35          BYTE count1s; // 1s时间计数
  36          BYTE countRestDisplay; //液晶屏定时复位计数器
  37          BYTE count5ms; // 5ms时间计数
  38          
  39          /***************************************************************************/
  40          // 槽计时函数 每秒调用一次
  41          // 参数：无
  42          // 返回值：无   
  43          /***************************************************************************/
  44          void cisternCount()
  45          {
  46   1              unsigned char i;
  47   1              for(i=0; i<8; i++)
  48   1              {
  49   2                      if(cistern[i].cisternStatus == InCounting)
  50   2                      {
  51   3                              cistern[i].currentTime ++;
  52   3                              //cistern[i].currentTime += 60;
  53   3                              if(cistern[i].currentTime >= cistern[i].settingTime)
  54   3                              {
C51 COMPILER V7.50   TIMER                                                                 04/07/2014 10:04:58 PAGE 2   

  55   4                                      if(i != 0 && i != 7)// 进口出口不安时间就绪
  56   4                                      {
  57   5                                              cistern[i].cisternStatus = Ready;
  58   5                                      }
  59   4                                      else
  60   4                                      {
  61   5                                              cistern[i].currentTime = 0;
  62   5                                      }
  63   4                              }
  64   3                              if(cistern[i].currentTime % 60 == 0)
  65   3                              {
  66   4                                      displayFlag = 1;
  67   4                              }
  68   3                      }
  69   2              }
  70   1      }
  71          
  72          /* Timer0 interrupt routine */
  73          void tm0_isr() interrupt 1 using 1  //1ms
  74          {
  75   1          TL0 = T1MS;                     //reload timer0 low byte
  76   1          TH0 = T1MS >> 8;                //reload timer0 high byte
  77   1      //      TEST_LED = ! TEST_LED;
  78   1              count5ms ++;
  79   1              maniPosition();
  80   1      }
  81          
  82          /* Timer1 interrupt routine */
  83          void tm1_isr() interrupt 3 using 1  //5ms
  84          {
  85   1          TL1 = T10MS;                     //reload timer1 low byte
  86   1          TH1 = T10MS >> 8;                //reload timer1 high byte
  87   1              count1s ++;
  88   1      //      TEST_LED1 = ~TEST_LED1;
  89   1              if(displayMode != PowerOffed)
  90   1              {
  91   2                      if(count1s == 200) //1s
  92   2                      {
  93   3                              count1s = 0;
  94   3                              cisternCount();
  95   3      //                      TEST_LED1 = ! TEST_LED1;      //work LED flash
  96   3                              ManiOperationTimer ++; //机械臂操作定时器
  97   3                              //液晶定时复位操作
  98   3                              countRestDisplay ++;
  99   3                              if(countRestDisplay == 120)
 100   3                              {
 101   4                                      displayFlag = 3; //初始化液晶并刷新显示
 102   4                                      countRestDisplay = 0;   
 103   4                              }
 104   3                      }
 105   2                      if(count1s%2==0) //10ms
 106   2                      {
 107   3                              if(runMode == AutoMode)
 108   3                              {
 109   4                                      ManiDispatch();
 110   4                              }
 111   3                              else
 112   3                              {
 113   4                                      ManualDispatch();
 114   4                              }
 115   3                              Key_Scan();
 116   3                      }
C51 COMPILER V7.50   TIMER                                                                 04/07/2014 10:04:58 PAGE 3   

 117   2              }
 118   1      }
 119          
 120          //-----------------------------------------------
 121          
 122          /* timer_init program */
 123          void timer_init()
 124          {
 125   1          AUXR = 0x80|0x40;                    //timer0 work in 1T mode
 126   1          TMOD = 0x01|0x10;                    //set timer0 as mode1 (16-bit)
 127   1          TL0 = T1MS;                     //initial timer0 low byte
 128   1          TH0 = T1MS >> 8;                //initial timer0 high byte
 129   1          TR0 = 1;                        //timer0 start running
 130   1          ET0 = 1;                        //enable timer0 interrupt
 131   1      
 132   1              TL1 = T10MS;                     //initial timer1 low byte
 133   1          TH1 = T10MS >> 8;                //initial timer1 high byte
 134   1          TR1 = 1;                        //timer1 start running
 135   1          ET1 = 1;                        //enable timer1 interrupt
 136   1      
 137   1          EA = 1;                         //open global interrupt switch
 138   1      
 139   1              count1s = 0;
 140   1              count5ms = 0;
 141   1              countRestDisplay = 0;
 142   1      }
 143          
 144          


MODULE INFORMATION:   STATIC OVERLAYABLE
   CODE SIZE        =    373    ----
   CONSTANT SIZE    =   ----    ----
   XDATA SIZE       =      3    ----
   PDATA SIZE       =   ----    ----
   DATA SIZE        =   ----    ----
   IDATA SIZE       =   ----    ----
   BIT SIZE         =   ----    ----
END OF MODULE INFORMATION.


C51 COMPILATION COMPLETE.  0 WARNING(S),  0 ERROR(S)
